INFO: [VRFC 10-2263] Analyzing Verilog file "/home/bangya/BOOM_on_HTG937/BOOM_on_HTG937.srcs/sources_1/ip/axi_crossbar_0/sim/axi_crossbar_0.v" into library xil_defaultlib
INFO: [VRFC 10-311] analyzing module axi_crossbar_0
INFO: [VRFC 10-2263] Analyzing Verilog file "/home/bangya/BOOM_on_HTG937/BOOM_on_HTG937.srcs/sources_1/ip/clk_wiz_0/clk_wiz_0_clk_wiz.v" into library xil_defaultlib
INFO: [VRFC 10-311] analyzing module clk_wiz_0_clk_wiz
INFO: [VRFC 10-2263] Analyzing Verilog file "/home/bangya/BOOM_on_HTG937/BOOM_on_HTG937.srcs/sources_1/ip/clk_wiz_0/clk_wiz_0.v" into library xil_defaultlib
INFO: [VRFC 10-311] analyzing module clk_wiz_0
INFO: [VRFC 10-2263] Analyzing Verilog file "/home/bangya/src-BOOM-HTG937/AXIMmio.v" into library xil_defaultlib
INFO: [VRFC 10-311] analyzing module AXIMmio
INFO: [VRFC 10-2263] Analyzing Verilog file "/home/bangya/src-BOOM-HTG937/utils/AsyncResetReg.v" into library xil_defaultlib
INFO: [VRFC 10-311] analyzing module AsyncResetReg
INFO: [VRFC 10-2263] Analyzing Verilog file "/home/bangya/src-BOOM-HTG937/peri/DTModule.v" into library xil_defaultlib
INFO: [VRFC 10-311] analyzing module DTModule
INFO: [VRFC 10-2263] Analyzing Verilog file "/home/bangya/src-BOOM-HTG937/DefaultConfig_rocket.v" into library xil_defaultlib
INFO: [VRFC 10-311] analyzing module IntXbar
INFO: [VRFC 10-311] analyzing module TLMonitor
INFO: [VRFC 10-311] analyzing module TLMonitor_1
INFO: [VRFC 10-311] analyzing module TLMonitor_2
INFO: [VRFC 10-311] analyzing module TLXbar
INFO: [VRFC 10-311] analyzing module TLMonitor_3
INFO: [VRFC 10-311] analyzing module TLBuffer
INFO: [VRFC 10-311] analyzing module TLMonitor_4
INFO: [VRFC 10-311] analyzing module TLFIFOFixer
INFO: [VRFC 10-311] analyzing module SimpleLazyModule
INFO: [VRFC 10-311] analyzing module Queue
INFO: [VRFC 10-311] analyzing module Queue_1
INFO: [VRFC 10-311] analyzing module Queue_2
INFO: [VRFC 10-311] analyzing module Queue_4
INFO: [VRFC 10-311] analyzing module AXI4Buffer
INFO: [VRFC 10-311] analyzing module Queue_5
INFO: [VRFC 10-311] analyzing module Queue_8
INFO: [VRFC 10-311] analyzing module AXI4UserYanker
INFO: [VRFC 10-311] analyzing module Queue_17
INFO: [VRFC 10-311] analyzing module AXI4Deinterleaver
INFO: [VRFC 10-311] analyzing module AXI4IdIndexer
INFO: [VRFC 10-311] analyzing module TLMonitor_5
INFO: [VRFC 10-311] analyzing module Queue_23
INFO: [VRFC 10-311] analyzing module Queue_24
INFO: [VRFC 10-311] analyzing module TLToAXI4
INFO: [VRFC 10-311] analyzing module TLMonitor_6
INFO: [VRFC 10-311] analyzing module TLWidthWidget
INFO: [VRFC 10-311] analyzing module TLMonitor_7
INFO: [VRFC 10-311] analyzing module TLBuffer_1
INFO: [VRFC 10-311] analyzing module SimpleLazyModule_1
INFO: [VRFC 10-311] analyzing module TLMonitor_8
INFO: [VRFC 10-311] analyzing module TLWidthWidget_1
INFO: [VRFC 10-311] analyzing module SimpleLazyModule_2
INFO: [VRFC 10-311] analyzing module TLMonitor_9
INFO: [VRFC 10-311] analyzing module TLWidthWidget_2
INFO: [VRFC 10-311] analyzing module SimpleLazyModule_3
INFO: [VRFC 10-311] analyzing module TLMonitor_10
INFO: [VRFC 10-311] analyzing module TLBuffer_2
INFO: [VRFC 10-311] analyzing module TLMonitor_11
INFO: [VRFC 10-311] analyzing module TLFIFOFixer_1
INFO: [VRFC 10-311] analyzing module SimpleLazyModule_5
INFO: [VRFC 10-311] analyzing module SystemBus
INFO: [VRFC 10-311] analyzing module TLMonitor_12
INFO: [VRFC 10-311] analyzing module TLXbar_3
INFO: [VRFC 10-311] analyzing module TLMonitor_13
INFO: [VRFC 10-311] analyzing module Queue_25
INFO: [VRFC 10-311] analyzing module Queue_26
INFO: [VRFC 10-311] analyzing module TLBuffer_5
INFO: [VRFC 10-311] analyzing module TLMonitor_14
INFO: [VRFC 10-311] analyzing module TLFIFOFixer_3
INFO: [VRFC 10-311] analyzing module TLMonitor_15
INFO: [VRFC 10-311] analyzing module TLWidthWidget_3
INFO: [VRFC 10-311] analyzing module Queue_27
INFO: [VRFC 10-311] analyzing module Queue_28
INFO: [VRFC 10-311] analyzing module AXI4ToTL
INFO: [VRFC 10-311] analyzing module Queue_29
INFO: [VRFC 10-311] analyzing module AXI4UserYanker_1
INFO: [VRFC 10-311] analyzing module Queue_33
INFO: [VRFC 10-311] analyzing module AXI4Fragmenter
INFO: [VRFC 10-311] analyzing module AXI4IdIndexer_1
INFO: [VRFC 10-311] analyzing module SimpleLazyModule_6
INFO: [VRFC 10-311] analyzing module TLMonitor_16
INFO: [VRFC 10-311] analyzing module TLBuffer_6
INFO: [VRFC 10-311] analyzing module FrontBus
INFO: [VRFC 10-311] analyzing module TLMonitor_17
INFO: [VRFC 10-311] analyzing module TLXbar_4
INFO: [VRFC 10-311] analyzing module Queue_38
INFO: [VRFC 10-311] analyzing module AXI4UserYanker_2
INFO: [VRFC 10-311] analyzing module AXI4IdIndexer_2
INFO: [VRFC 10-311] analyzing module TLMonitor_18
INFO: [VRFC 10-311] analyzing module Queue_47
INFO: [VRFC 10-311] analyzing module TLToAXI4_1
INFO: [VRFC 10-311] analyzing module TLMonitor_19
INFO: [VRFC 10-311] analyzing module TLWidthWidget_4
INFO: [VRFC 10-311] analyzing module TLMonitor_20
INFO: [VRFC 10-311] analyzing module TLBuffer_7
INFO: [VRFC 10-311] analyzing module TLMonitor_21
INFO: [VRFC 10-311] analyzing module ProbePicker
INFO: [VRFC 10-311] analyzing module SimpleLazyModule_7
INFO: [VRFC 10-311] analyzing module TLMonitor_22
INFO: [VRFC 10-311] analyzing module BankBinder
INFO: [VRFC 10-311] analyzing module SimpleLazyModule_8
INFO: [VRFC 10-311] analyzing module MemoryBus
INFO: [VRFC 10-311] analyzing module TLMonitor_23
INFO: [VRFC 10-311] analyzing module TLFIFOFixer_4
INFO: [VRFC 10-311] analyzing module TLMonitor_24
INFO: [VRFC 10-311] analyzing module TLXbar_5
INFO: [VRFC 10-311] analyzing module TLMonitor_25
INFO: [VRFC 10-311] analyzing module TLXbar_6
INFO: [VRFC 10-311] analyzing module TLMonitor_26
INFO: [VRFC 10-311] analyzing module Queue_48
INFO: [VRFC 10-311] analyzing module Queue_49
INFO: [VRFC 10-311] analyzing module TLBuffer_8
INFO: [VRFC 10-311] analyzing module TLMonitor_27
INFO: [VRFC 10-311] analyzing module TLAtomicAutomata_1
INFO: [VRFC 10-311] analyzing module TLMonitor_28
INFO: [VRFC 10-311] analyzing module Queue_50
INFO: [VRFC 10-311] analyzing module TLError
INFO: [VRFC 10-311] analyzing module TLMonitor_29
INFO: [VRFC 10-311] analyzing module Queue_51
INFO: [VRFC 10-311] analyzing module TLBuffer_9
INFO: [VRFC 10-311] analyzing module SimpleLazyModule_9
INFO: [VRFC 10-311] analyzing module TLMonitor_30
INFO: [VRFC 10-311] analyzing module Repeater
INFO: [VRFC 10-311] analyzing module TLFragmenter
INFO: [VRFC 10-311] analyzing module SimpleLazyModule_10
INFO: [VRFC 10-311] analyzing module TLMonitor_31
INFO: [VRFC 10-311] analyzing module Repeater_1
INFO: [VRFC 10-311] analyzing module TLFragmenter_1
INFO: [VRFC 10-311] analyzing module SimpleLazyModule_11
INFO: [VRFC 10-311] analyzing module TLMonitor_32
INFO: [VRFC 10-311] analyzing module Repeater_2
INFO: [VRFC 10-311] analyzing module TLFragmenter_2
INFO: [VRFC 10-311] analyzing module SimpleLazyModule_12
INFO: [VRFC 10-311] analyzing module TLMonitor_33
INFO: [VRFC 10-311] analyzing module Repeater_3
INFO: [VRFC 10-311] analyzing module TLFragmenter_3
INFO: [VRFC 10-311] analyzing module SimpleLazyModule_14
INFO: [VRFC 10-311] analyzing module TLMonitor_34
INFO: [VRFC 10-311] analyzing module TLBuffer_11
INFO: [VRFC 10-311] analyzing module PeripheryBus_1
INFO: [VRFC 10-311] analyzing module TLMonitor_35
INFO: [VRFC 10-311] analyzing module LevelGateway
INFO: [VRFC 10-311] analyzing module PLICFanIn
INFO: [VRFC 10-311] analyzing module Queue_53
INFO: [VRFC 10-311] analyzing module TLPLIC
INFO: [VRFC 10-311] analyzing module TLMonitor_36
INFO: [VRFC 10-311] analyzing module CLINT
INFO: [VRFC 10-311] analyzing module TLMonitor_37
INFO: [VRFC 10-311] analyzing module TLXbar_7
INFO: [VRFC 10-311] analyzing module DMIToTL
INFO: [VRFC 10-311] analyzing module TLMonitor_38
INFO: [VRFC 10-311] analyzing module AsyncResetRegVec_w32_i0
INFO: [VRFC 10-311] analyzing module AsyncResetRegVec_w1_i0
INFO: [VRFC 10-311] analyzing module TLDebugModuleOuter
INFO: [VRFC 10-311] analyzing module IntSyncCrossingSource
INFO: [VRFC 10-311] analyzing module TLMonitor_39
INFO: [VRFC 10-311] analyzing module AsyncResetSynchronizerShiftReg_w1_d3_i0
INFO: [VRFC 10-311] analyzing module AsyncResetSynchronizerShiftReg_w1_d4_i0
INFO: [VRFC 10-311] analyzing module AsyncValidSync
INFO: [VRFC 10-311] analyzing module AsyncResetSynchronizerShiftReg_w1_d1_i0
INFO: [VRFC 10-311] analyzing module AsyncValidSync_1
INFO: [VRFC 10-311] analyzing module AsyncValidSync_2
INFO: [VRFC 10-311] analyzing module AsyncQueueSource
INFO: [VRFC 10-311] analyzing module SynchronizerShiftReg_w43_d1
INFO: [VRFC 10-311] analyzing module AsyncQueueSink
INFO: [VRFC 10-311] analyzing module TLAsyncCrossingSource
INFO: [VRFC 10-311] analyzing module AsyncQueueSource_1
INFO: [VRFC 10-311] analyzing module TLDebugModuleOuterAsync
INFO: [VRFC 10-311] analyzing module TLMonitor_40
INFO: [VRFC 10-311] analyzing module TLMonitor_41
INFO: [VRFC 10-311] analyzing module TLDebugModuleInner
INFO: [VRFC 10-311] analyzing module SynchronizerShiftReg_w55_d1
INFO: [VRFC 10-311] analyzing module AsyncQueueSink_1
INFO: [VRFC 10-311] analyzing module AsyncQueueSource_2
INFO: [VRFC 10-311] analyzing module TLAsyncCrossingSink
INFO: [VRFC 10-311] analyzing module ResetCatchAndSync_d3
INFO: [VRFC 10-311] analyzing module SynchronizerShiftReg_w14_d1
INFO: [VRFC 10-311] analyzing module AsyncQueueSink_2
INFO: [VRFC 10-311] analyzing module TLDebugModuleInnerAsync
INFO: [VRFC 10-311] analyzing module TLDebugModule
INFO: [VRFC 10-311] analyzing module TLMonitor_42
INFO: [VRFC 10-311] analyzing module TLMonitor_43
INFO: [VRFC 10-311] analyzing module TLXbar_8
INFO: [VRFC 10-311] analyzing module IntXbar_4
INFO: [VRFC 10-311] analyzing module MaxPeriodFibonacciLFSR
INFO: [VRFC 10-311] analyzing module DCacheModuleanon2
INFO: [VRFC 10-311] analyzing module DCacheDataArray
INFO: [VRFC 10-311] analyzing module DCacheModuleanon3
INFO: [VRFC 10-311] analyzing module packageanon2
INFO: [VRFC 10-311] analyzing module PMPChecker
INFO: [VRFC 10-311] analyzing module TLB
INFO: [VRFC 10-311] analyzing module AMOALU
INFO: [VRFC 10-311] analyzing module DCache
INFO: [VRFC 10-311] analyzing module ICache
INFO: [VRFC 10-311] analyzing module ShiftQueue
INFO: [VRFC 10-311] analyzing module PMPChecker_1
INFO: [VRFC 10-311] analyzing module TLB_1
INFO: [VRFC 10-311] analyzing module BTB
INFO: [VRFC 10-311] analyzing module Frontend
INFO: [VRFC 10-311] analyzing module TLMonitor_44
INFO: [VRFC 10-311] analyzing module Queue_54
INFO: [VRFC 10-311] analyzing module Queue_55
INFO: [VRFC 10-311] analyzing module Queue_56
INFO: [VRFC 10-311] analyzing module Queue_57
INFO: [VRFC 10-311] analyzing module Queue_58
INFO: [VRFC 10-311] analyzing module TLBuffer_12
INFO: [VRFC 10-311] analyzing module SynchronizerShiftReg_w1_d3
INFO: [VRFC 10-311] analyzing module IntSyncCrossingSink
INFO: [VRFC 10-311] analyzing module IntSyncCrossingSink_1
INFO: [VRFC 10-311] analyzing module IntSyncCrossingSink_2
INFO: [VRFC 10-311] analyzing module FPUDecoder
INFO: [VRFC 10-311] analyzing module MulAddRecFNToRaw_preMul
INFO: [VRFC 10-311] analyzing module MulAddRecFNToRaw_postMul
INFO: [VRFC 10-311] analyzing module RoundAnyRawFNToRecFN
INFO: [VRFC 10-311] analyzing module RoundRawFNToRecFN
INFO: [VRFC 10-311] analyzing module MulAddRecFNPipe
INFO: [VRFC 10-311] analyzing module FPUFMAPipe
INFO: [VRFC 10-311] analyzing module CompareRecFN
INFO: [VRFC 10-311] analyzing module RecFNToIN
INFO: [VRFC 10-311] analyzing module RecFNToIN_1
INFO: [VRFC 10-311] analyzing module FPToInt
INFO: [VRFC 10-311] analyzing module RoundAnyRawFNToRecFN_1
INFO: [VRFC 10-311] analyzing module INToRecFN
INFO: [VRFC 10-311] analyzing module RoundAnyRawFNToRecFN_2
INFO: [VRFC 10-311] analyzing module INToRecFN_1
INFO: [VRFC 10-311] analyzing module IntToFP
INFO: [VRFC 10-311] analyzing module RoundAnyRawFNToRecFN_3
INFO: [VRFC 10-311] analyzing module RecFNToRecFN
INFO: [VRFC 10-311] analyzing module FPToFP
INFO: [VRFC 10-311] analyzing module MulAddRecFNToRaw_preMul_1
INFO: [VRFC 10-311] analyzing module MulAddRecFNToRaw_postMul_1
INFO: [VRFC 10-311] analyzing module RoundAnyRawFNToRecFN_4
INFO: [VRFC 10-311] analyzing module RoundRawFNToRecFN_1
INFO: [VRFC 10-311] analyzing module MulAddRecFNPipe_1
INFO: [VRFC 10-311] analyzing module FPUFMAPipe_1
INFO: [VRFC 10-311] analyzing module DivSqrtRecFNToRaw_small
INFO: [VRFC 10-311] analyzing module DivSqrtRecFN_small
INFO: [VRFC 10-311] analyzing module DivSqrtRecFNToRaw_small_1
INFO: [VRFC 10-311] analyzing module DivSqrtRecFN_small_1
INFO: [VRFC 10-311] analyzing module FPU
INFO: [VRFC 10-311] analyzing module HellaCacheArbiter
INFO: [VRFC 10-311] analyzing module RRArbiter
INFO: [VRFC 10-311] analyzing module packageanon2_78
INFO: [VRFC 10-311] analyzing module packageanon2_79
INFO: [VRFC 10-311] analyzing module PTW
INFO: [VRFC 10-311] analyzing module RVCExpander
INFO: [VRFC 10-311] analyzing module IBuf
INFO: [VRFC 10-311] analyzing module CSRFile
INFO: [VRFC 10-311] analyzing module BreakpointUnit
INFO: [VRFC 10-311] analyzing module ALU
INFO: [VRFC 10-311] analyzing module MulDiv
INFO: [VRFC 10-311] analyzing module PlusArgTimeout
INFO: [VRFC 10-311] analyzing module Rocket
INFO: [VRFC 10-311] analyzing module RocketTile
INFO: [VRFC 10-311] analyzing module AsyncResetRegVec_w2_i0
INFO: [VRFC 10-311] analyzing module IntSyncCrossingSource_2
INFO: [VRFC 10-311] analyzing module IntSyncCrossingSource_3
INFO: [VRFC 10-311] analyzing module SynchronizerShiftReg_w2_d3
INFO: [VRFC 10-311] analyzing module IntXing
INFO: [VRFC 10-311] analyzing module TLMonitor_45
INFO: [VRFC 10-311] analyzing module TLROM
INFO: [VRFC 10-311] analyzing module TLMonitor_46
INFO: [VRFC 10-311] analyzing module Queue_59
INFO: [VRFC 10-311] analyzing module TLBroadcastTracker
INFO: [VRFC 10-311] analyzing module TLBroadcastTracker_1
INFO: [VRFC 10-311] analyzing module TLBroadcastTracker_2
INFO: [VRFC 10-311] analyzing module TLBroadcastTracker_3
INFO: [VRFC 10-311] analyzing module TLBroadcast
INFO: [VRFC 10-311] analyzing module TLMonitor_47
INFO: [VRFC 10-311] analyzing module TLWidthWidget_8
INFO: [VRFC 10-311] analyzing module TLMonitor_48
INFO: [VRFC 10-311] analyzing module TLSourceShrinker
INFO: [VRFC 10-311] analyzing module SerialAdapter
INFO: [VRFC 10-311] analyzing module Queue_63
INFO: [VRFC 10-311] analyzing module BoomRocketTop
INFO: [VRFC 10-311] analyzing module data_arrays_0
INFO: [VRFC 10-311] analyzing module tag_array
INFO: [VRFC 10-311] analyzing module tag_array_0
INFO: [VRFC 10-311] analyzing module data_arrays_0_0
INFO: [VRFC 10-2263] Analyzing Verilog file "/home/bangya/src-BOOM-HTG937/utils/EICG_wrapper.v" into library xil_defaultlib
INFO: [VRFC 10-311] analyzing module EICG_wrapper
INFO: [VRFC 10-2263] Analyzing Verilog file "/home/bangya/src-BOOM-HTG937/peri/bram.v" into library xil_defaultlib
INFO: [VRFC 10-311] analyzing module bram
INFO: [VRFC 10-2263] Analyzing Verilog file "/home/bangya/src-BOOM-HTG937/peri/bram_storage.v" into library xil_defaultlib
INFO: [VRFC 10-311] analyzing module bram_storage
INFO: [VRFC 10-2263] Analyzing Verilog file "/home/bangya/src-BOOM-HTG937/chip_top.v" into library xil_defaultlib
INFO: [VRFC 10-311] analyzing module chip_top
INFO: [VRFC 10-2263] Analyzing Verilog file "/home/bangya/src-BOOM-HTG937/utils/narrower.v" into library xil_defaultlib
INFO: [VRFC 10-311] analyzing module narrower
INFO: [VRFC 10-2263] Analyzing Verilog file "/home/bangya/src-BOOM-HTG937/utils/plusarg_reader.v" into library xil_defaultlib
INFO: [VRFC 10-311] analyzing module plusarg_reader
INFO: [VRFC 10-2263] Analyzing Verilog file "/home/bangya/src-BOOM-HTG937/peri/spi_real.v" into library xil_defaultlib
INFO: [VRFC 10-311] analyzing module spi
INFO: [VRFC 10-2263] Analyzing Verilog file "/home/bangya/src-BOOM-HTG937/utils/sram_modified_rocket.v" into library xil_defaultlib
INFO: [VRFC 10-311] analyzing module data_arrays_0_ext
INFO: [VRFC 10-311] analyzing module tag_array_ext
INFO: [VRFC 10-311] analyzing module tag_array_0_ext
INFO: [VRFC 10-311] analyzing module data_arrays_0_0_ext
INFO: [VRFC 10-311] analyzing module split_data_arrays_0_ext
INFO: [VRFC 10-311] analyzing module split_tag_array_ext
INFO: [VRFC 10-311] analyzing module split_tag_array_0_ext
INFO: [VRFC 10-311] analyzing module split_data_arrays_0_0_ext
INFO: [VRFC 10-2263] Analyzing Verilog file "/home/bangya/src-BOOM-HTG937/peri/uart.v" into library xil_defaultlib
INFO: [VRFC 10-311] analyzing module uart
